<?xml version="1.0" encoding="UTF-8"?>
<!-- Generated by org.testng.reporters.JUnitReportReporter -->
<testsuite ignored="0" hostname="W7BLRGJMFT13" failures="0" tests="2" name="mobileb2c.Addtocartmobile" time="29.761" errors="0" timestamp="22 Apr 2020 11:32:55 GMT" skipped="0">
  <testcase classname="mobileb2c.Addtocartmobile" name="login" time="9.326"/>
  <testcase classname="mobileb2c.Addtocartmobile" name="addtocartmobile" time="20.435"/>
</testsuite> <!-- mobileb2c.Addtocartmobile -->
