<?xml version="1.0" encoding="UTF-8"?>
<!-- Generated by org.testng.reporters.JUnitReportReporter -->
<testsuite ignored="0" hostname="W7BLRGJMFT13" failures="0" tests="3" name="mobileb2c.searchmobile" time="36.728" errors="0" timestamp="22 Apr 2020 10:45:36 GMT" skipped="0">
  <testcase classname="mobileb2c.searchmobile" name="login" time="9.208"/>
  <testcase classname="mobileb2c.searchmobile" name="Searchmobile" time="5.800"/>
  <testcase classname="mobileb2c.searchmobile" name="addvehiclemobile" time="21.720"/>
</testsuite> <!-- mobileb2c.searchmobile -->
