<?xml version="1.0" encoding="UTF-8"?>
<!-- Generated by org.testng.reporters.JUnitReportReporter -->
<testsuite hostname="W7BLRGJMFT13" failures="0" tests="3" name="Ingectic.search" time="59.461" errors="0" timestamp="2020-04-13T12:34:28 IST" skipped="0">
  <testcase classname="Ingectic.search" name="login" time="9.791"/>
  <system-out/>
  <testcase classname="Ingectic.search" name="addvehicle" time="22.056"/>
  <system-out/>
  <testcase classname="Ingectic.search" name="Search" time="27.614"/>
  <system-out/>
</testsuite> <!-- Ingectic.search -->
