<?xml version="1.0" encoding="UTF-8"?>
<!-- Generated by org.testng.reporters.JUnitReportReporter -->
<testsuite hostname="W7BLRGJMFT13" failures="0" tests="3" name="mobileb2c.DealsMobile" time="26.300" errors="0" timestamp="2020-04-13T13:24:40 IST" skipped="0">
  <testcase classname="mobileb2c.DealsMobile" name="launchBrowser" time="11.896"/>
  <system-out/>
  <testcase classname="mobileb2c.DealsMobile" name="login" time="8.858"/>
  <system-out/>
  <testcase classname="mobileb2c.DealsMobile" name="dealsmobile" time="5.546"/>
  <system-out/>
</testsuite> <!-- mobileb2c.DealsMobile -->
