<?xml version="1.0" encoding="UTF-8"?>
<!-- Generated by org.testng.reporters.JUnitReportReporter -->
<testsuite ignored="0" hostname="W7BLRGJMFT13" failures="0" tests="3" name="com.experitest.auto.Addvehiclemobile" time="77.554" errors="0" timestamp="24 Apr 2020 09:55:28 GMT" skipped="0">
  <testcase classname="com.experitest.auto.Addvehiclemobile" name="URLB2C" time="16.404"/>
  <testcase classname="com.experitest.auto.Addvehiclemobile" name="login" time="23.590"/>
  <testcase classname="com.experitest.auto.Addvehiclemobile" name="addvehiclemobile" time="37.560"/>
</testsuite> <!-- com.experitest.auto.Addvehiclemobile -->
