<?xml version="1.0" encoding="UTF-8"?>
<!-- Generated by org.testng.reporters.JUnitReportReporter -->
<testsuite ignored="0" hostname="W7BLRGJMFT13" failures="0" tests="2" name="com.experitest.auto1.loginmobile" time="95.711" errors="0" timestamp="27 Apr 2020 18:56:34 GMT" skipped="0">
  <testcase classname="com.experitest.auto1.loginmobile" name="URLB2C" time="26.039"/>
  <testcase classname="com.experitest.auto1.loginmobile" name="login" time="69.672"/>
</testsuite> <!-- com.experitest.auto1.loginmobile -->
