<?xml version="1.0" encoding="UTF-8"?>
<!-- Generated by org.testng.reporters.JUnitReportReporter -->
<testsuite hostname="W7BLRGJMFT13" failures="0" tests="11" name="Ingectic.Topnavmouseover" time="43.300" errors="0" timestamp="2020-04-13T11:57:43 IST" skipped="0">
  <testcase classname="Ingectic.Topnavmouseover" name="login" time="9.785"/>
  <system-out/>
  <testcase classname="Ingectic.Topnavmouseover" name="autoparts" time="5.156"/>
  <system-out/>
  <testcase classname="Ingectic.Topnavmouseover" name="InteriorAccessories" time="3.166"/>
  <system-out/>
  <testcase classname="Ingectic.Topnavmouseover" name="ExteriorAccessories" time="3.156"/>
  <system-out/>
  <testcase classname="Ingectic.Topnavmouseover" name="TruckTowing" time="3.158"/>
  <system-out/>
  <testcase classname="Ingectic.Topnavmouseover" name="ToolsEquipments" time="3.142"/>
  <system-out/>
  <testcase classname="Ingectic.Topnavmouseover" name="Fluidschemicals" time="3.152"/>
  <system-out/>
  <testcase classname="Ingectic.Topnavmouseover" name="PerformanceProducts" time="3.146"/>
  <system-out/>
  <testcase classname="Ingectic.Topnavmouseover" name="RepairHelp" time="3.151"/>
  <system-out/>
  <testcase classname="Ingectic.Topnavmouseover" name="NewItems" time="3.134"/>
  <system-out/>
  <testcase classname="Ingectic.Topnavmouseover" name="Hotdeals" time="3.154"/>
  <system-out/>
</testsuite> <!-- Ingectic.Topnavmouseover -->
