<?xml version="1.0" encoding="UTF-8"?>
<!-- Generated by org.testng.reporters.JUnitReportReporter -->
<testsuite hostname="W7BLRGJMFT13" failures="0" tests="1" name="Ingectic.Repairshop" time="44.960" errors="0" timestamp="2020-04-13T12:32:59 IST" skipped="0">
  <testcase classname="Ingectic.Repairshop" name="repairshop" time="44.960"/>
  <system-out/>
</testsuite> <!-- Ingectic.Repairshop -->
