<?xml version="1.0" encoding="UTF-8"?>
<!-- Generated by org.testng.reporters.JUnitReportReporter -->
<testsuite ignored="0" hostname="W7BLRGJMFT13" failures="0" tests="2" name="Ingectic.Addtocart" time="38.880" errors="0" timestamp="11 May 2020 06:54:14 GMT" skipped="0">
  <testcase classname="Ingectic.Addtocart" name="addtocart" time="28.931"/>
  <testcase classname="Ingectic.Addtocart" name="login" time="9.949"/>
</testsuite> <!-- Ingectic.Addtocart -->
