<?xml version="1.0" encoding="UTF-8"?>
<!-- Generated by org.testng.reporters.JUnitReportReporter -->
<testsuite hostname="W7BLRGJMFT13" failures="0" tests="4" name="mobileb2c.searchmobile" time="49.164" errors="0" timestamp="2020-04-13T13:24:40 IST" skipped="0">
  <testcase classname="mobileb2c.searchmobile" name="launchBrowser" time="12.488"/>
  <system-out/>
  <testcase classname="mobileb2c.searchmobile" name="login" time="8.579"/>
  <system-out/>
  <testcase classname="mobileb2c.searchmobile" name="addvehiclemobile" time="22.405"/>
  <system-out/>
  <testcase classname="mobileb2c.searchmobile" name="Searchmobile" time="5.692"/>
  <system-out/>
</testsuite> <!-- mobileb2c.searchmobile -->
