<?xml version="1.0" encoding="UTF-8"?>
<!-- Generated by org.testng.reporters.JUnitReportReporter -->
<testsuite hostname="W7BLRGJMFT13" failures="0" tests="3" name="mobileb2c.Orderhistorymobile" time="21.637" errors="0" timestamp="2020-04-13T13:24:40 IST" skipped="0">
  <testcase classname="mobileb2c.Orderhistorymobile" name="launchBrowser" time="11.789"/>
  <system-out/>
  <testcase classname="mobileb2c.Orderhistorymobile" name="login" time="8.168"/>
  <system-out/>
  <testcase classname="mobileb2c.Orderhistorymobile" name="orderhistorymobile" time="1.680"/>
  <system-out/>
</testsuite> <!-- mobileb2c.Orderhistorymobile -->
