<?xml version="1.0" encoding="UTF-8"?>
<!-- Generated by org.testng.reporters.JUnitReportReporter -->
<testsuite hostname="W7BLRGJMFT13" failures="0" tests="2" name="mobileb2c.loginmobile" time="19.862" errors="0" timestamp="2020-04-13T13:24:40 IST" skipped="0">
  <testcase classname="mobileb2c.loginmobile" name="launchBrowser" time="11.429"/>
  <system-out/>
  <testcase classname="mobileb2c.loginmobile" name="login" time="8.433"/>
  <system-out/>
</testsuite> <!-- mobileb2c.loginmobile -->
