<?xml version="1.0" encoding="UTF-8"?>
<!-- Generated by org.testng.reporters.JUnitReportReporter -->
<testsuite hostname="W7BLRGJMFT13" failures="0" tests="3" name="mobileb2c.Addvehicle" time="43.728" errors="0" timestamp="2020-04-12T21:35:59 IST" skipped="0">
  <testcase classname="mobileb2c.Addvehicle" name="launchBrowser" time="12.695"/>
  <system-out/>
  <testcase classname="mobileb2c.Addvehicle" name="login" time="9.887"/>
  <system-out/>
  <testcase classname="mobileb2c.Addvehicle" name="addvehicle" time="21.146"/>
  <system-out/>
</testsuite> <!-- mobileb2c.Addvehicle -->
