<?xml version="1.0" encoding="UTF-8"?>
<!-- Generated by org.testng.reporters.JUnitReportReporter -->
<testsuite hostname="W7BLRGJMFT13" failures="0" tests="2" name="Ingectic.Rewardsbox" time="29.563" errors="0" timestamp="2020-04-13T11:57:43 IST" skipped="0">
  <testcase classname="Ingectic.Rewardsbox" name="login" time="9.661"/>
  <system-out/>
  <testcase classname="Ingectic.Rewardsbox" name="autoparts" time="19.902"/>
  <system-out/>
</testsuite> <!-- Ingectic.Rewardsbox -->
