<?xml version="1.0" encoding="UTF-8"?>
<!-- Generated by org.testng.reporters.JUnitReportReporter -->
<testsuite ignored="0" hostname="W7BLRGJMFT13" failures="0" tests="2" name="mobileb2c.Removemobile" time="33.612" errors="0" timestamp="22 Apr 2020 11:28:37 GMT" skipped="0">
  <testcase classname="mobileb2c.Removemobile" name="login" time="9.295"/>
  <testcase classname="mobileb2c.Removemobile" name="removemobile" time="24.317"/>
</testsuite> <!-- mobileb2c.Removemobile -->
