<?xml version="1.0" encoding="UTF-8"?>
<!-- Generated by org.testng.reporters.JUnitReportReporter -->
<testsuite ignored="0" hostname="W7BLRGJMFT13" failures="0" tests="2" name="Ingectic.Productdetails" time="21.162" errors="0" timestamp="22 Apr 2020 10:31:00 GMT" skipped="0">
  <testcase classname="Ingectic.Productdetails" name="login" time="9.482"/>
  <testcase classname="Ingectic.Productdetails" name="productdetails" time="11.680"/>
</testsuite> <!-- Ingectic.Productdetails -->
