<?xml version="1.0" encoding="UTF-8"?>
<!-- Generated by org.testng.reporters.JUnitReportReporter -->
<testsuite hostname="W7BLRGJMFT13" failures="0" tests="3" name="mobileb2c.Couponcodemobile" time="41.181" errors="0" timestamp="2020-04-13T13:24:40 IST" skipped="0">
  <testcase classname="mobileb2c.Couponcodemobile" name="launchBrowser" time="12.610"/>
  <system-out/>
  <testcase classname="mobileb2c.Couponcodemobile" name="login" time="8.583"/>
  <system-out/>
  <testcase classname="mobileb2c.Couponcodemobile" name="couponcodemobile" time="19.988"/>
  <system-out/>
</testsuite> <!-- mobileb2c.Couponcodemobile -->
