<?xml version="1.0" encoding="UTF-8"?>
<!-- Generated by org.testng.reporters.JUnitReportReporter -->
<testsuite ignored="0" hostname="W7BLRGJMFT13" failures="0" tests="1" name="com.experitest.auto.AndroidDemoTest" time="17.518" errors="0" timestamp="24 Apr 2020 08:07:45 GMT" skipped="0">
  <testcase classname="com.experitest.auto.AndroidDemoTest" name="URLB2C" time="17.518"/>
</testsuite> <!-- com.experitest.auto.AndroidDemoTest -->
