<?xml version="1.0" encoding="UTF-8"?>
<!-- Generated by org.testng.reporters.JUnitReportReporter -->
<testsuite ignored="0" hostname="W7BLRGJMFT13" failures="0" tests="2" name="mobileb2c.Couponcodemobile" time="25.401" errors="0" timestamp="22 Apr 2020 10:45:36 GMT" skipped="0">
  <testcase classname="mobileb2c.Couponcodemobile" name="login" time="8.718"/>
  <testcase classname="mobileb2c.Couponcodemobile" name="couponcodemobile" time="16.683"/>
</testsuite> <!-- mobileb2c.Couponcodemobile -->
