<?xml version="1.0" encoding="UTF-8"?>
<!-- Generated by org.testng.reporters.JUnitReportReporter -->
<testsuite ignored="0" hostname="W7BLRGJMFT13" failures="0" tests="1" name="com.experitest.auto.IOSDemoTest" time="25.778" errors="0" timestamp="27 Apr 2020 17:04:06 GMT" skipped="0">
  <testcase classname="com.experitest.auto.IOSDemoTest" name="URLB2C" time="25.778"/>
</testsuite> <!-- com.experitest.auto.IOSDemoTest -->
