<?xml version="1.0" encoding="UTF-8"?>
<!-- Generated by org.testng.reporters.JUnitReportReporter -->
<testsuite ignored="0" hostname="W7BLRGJMFT13" failures="0" tests="4" name="com.experitest.auto.searchmobile" time="88.774" errors="0" timestamp="24 Apr 2020 10:02:43 GMT" skipped="0">
  <testcase classname="com.experitest.auto.searchmobile" name="URLB2C" time="15.197"/>
  <testcase classname="com.experitest.auto.searchmobile" name="login" time="24.913"/>
  <testcase classname="com.experitest.auto.searchmobile" name="addvehiclemobile" time="39.453"/>
  <testcase classname="com.experitest.auto.searchmobile" name="Searchmobile" time="9.211"/>
</testsuite> <!-- com.experitest.auto.searchmobile -->
