<?xml version="1.0" encoding="UTF-8"?>
<!-- Generated by org.testng.reporters.JUnitReportReporter -->
<testsuite hostname="W7BLRGJMFT13" failures="0" tests="2" name="Ingectic.Productdetails" time="27.624" errors="0" timestamp="2020-04-08T22:14:01 IST" skipped="0">
  <testcase classname="Ingectic.Productdetails" name="login" time="9.780"/>
  <system-out/>
  <testcase classname="Ingectic.Productdetails" name="autoparts" time="17.844"/>
  <system-out/>
</testsuite> <!-- Ingectic.Productdetails -->
