<?xml version="1.0" encoding="UTF-8"?>
<!-- Generated by org.testng.reporters.JUnitReportReporter -->
<testsuite ignored="0" hostname="W7BLRGJMFT13" failures="0" tests="3" name="com.experitest.auto1.Couponcodemobile" time="178.475" errors="0" timestamp="28 Apr 2020 15:19:24 GMT" skipped="0">
  <testcase classname="com.experitest.auto1.Couponcodemobile" name="couponcodemobile" time="84.292"/>
  <testcase classname="com.experitest.auto1.Couponcodemobile" name="URLB2C" time="24.414"/>
  <testcase classname="com.experitest.auto1.Couponcodemobile" name="login" time="69.769"/>
</testsuite> <!-- com.experitest.auto1.Couponcodemobile -->
