<?xml version="1.0" encoding="UTF-8"?>
<!-- Generated by org.testng.reporters.JUnitReportReporter -->
<testsuite ignored="0" hostname="W7BLRGJMFT13" failures="0" tests="3" name="com.experitest.auto1.Addvehiclemobile" time="160.948" errors="0" timestamp="28 Apr 2020 14:10:29 GMT" skipped="0">
  <testcase classname="com.experitest.auto1.Addvehiclemobile" name="addvehiclemobile" time="63.633"/>
  <testcase classname="com.experitest.auto1.Addvehiclemobile" name="URLB2C" time="26.846"/>
  <testcase classname="com.experitest.auto1.Addvehiclemobile" name="login" time="70.469"/>
</testsuite> <!-- com.experitest.auto1.Addvehiclemobile -->
