<?xml version="1.0" encoding="UTF-8"?>
<!-- Generated by org.testng.reporters.JUnitReportReporter -->
<testsuite hostname="W7BLRGJMFT13" failures="0" tests="3" name="Ingectic.Selenium" time="11.929" errors="0" timestamp="2020-04-03T21:29:46 IST" skipped="0">
  <testcase classname="Ingectic.Selenium" name="launchBrowser" time="6.142"/>
  <system-out/>
  <testcase classname="Ingectic.Selenium" name="Search" time="5.037"/>
  <system-out/>
  <testcase classname="Ingectic.Selenium" name="selenium" time="0.750"/>
  <system-out/>
</testsuite> <!-- Ingectic.Selenium -->
