<?xml version="1.0" encoding="UTF-8"?>
<!-- Generated by org.testng.reporters.JUnitReportReporter -->
<testsuite hostname="W7BLRGJMFT13" failures="0" tests="1" name="Ingectic.URL" time="8.749" errors="0" timestamp="2020-04-03T21:05:08 IST" skipped="0">
  <testcase classname="Ingectic.URL" name="launchBrowser" time="8.749"/>
  <system-out/>
</testsuite> <!-- Ingectic.URL -->
