<?xml version="1.0" encoding="UTF-8"?>
<!-- Generated by org.testng.reporters.JUnitReportReporter -->
<testsuite ignored="0" hostname="W7BLRGJMFT13" failures="0" tests="3" name="com.experitest.auto.Removemobile" time="98.227" errors="0" timestamp="27 Apr 2020 06:51:14 GMT" skipped="0">
  <testcase classname="com.experitest.auto.Removemobile" name="removemobile" time="56.197"/>
  <testcase classname="com.experitest.auto.Removemobile" name="login" time="23.967"/>
  <testcase classname="com.experitest.auto.Removemobile" name="URLB2C" time="18.063"/>
</testsuite> <!-- com.experitest.auto.Removemobile -->
