<?xml version="1.0" encoding="UTF-8"?>
<!-- Generated by org.testng.reporters.JUnitReportReporter -->
<testsuite hostname="W7BLRGJMFT13" failures="0" tests="11" name="Ingectic.Autopartsmouseover" time="43.287" errors="0" timestamp="2020-04-06T12:37:03 IST" skipped="0">
  <testcase classname="Ingectic.Autopartsmouseover" name="login" time="9.757"/>
  <system-out/>
  <testcase classname="Ingectic.Autopartsmouseover" name="autoparts" time="5.164"/>
  <system-out/>
  <testcase classname="Ingectic.Autopartsmouseover" name="two" time="3.152"/>
  <system-out/>
  <testcase classname="Ingectic.Autopartsmouseover" name="three" time="3.150"/>
  <system-out/>
  <testcase classname="Ingectic.Autopartsmouseover" name="four" time="3.144"/>
  <system-out/>
  <testcase classname="Ingectic.Autopartsmouseover" name="five" time="3.155"/>
  <system-out/>
  <testcase classname="Ingectic.Autopartsmouseover" name="six" time="3.150"/>
  <system-out/>
  <testcase classname="Ingectic.Autopartsmouseover" name="seven" time="3.150"/>
  <system-out/>
  <testcase classname="Ingectic.Autopartsmouseover" name="eight" time="3.150"/>
  <system-out/>
  <testcase classname="Ingectic.Autopartsmouseover" name="nine" time="3.154"/>
  <system-out/>
  <testcase classname="Ingectic.Autopartsmouseover" name="ten" time="3.161"/>
  <system-out/>
</testsuite> <!-- Ingectic.Autopartsmouseover -->
