<?xml version="1.0" encoding="UTF-8"?>
<!-- Generated by org.testng.reporters.JUnitReportReporter -->
<testsuite ignored="0" hostname="W7BLRGJMFT13" failures="0" tests="4" name="com.experitest.auto1.searchmobile" time="185.680" errors="0" timestamp="28 Apr 2020 14:28:05 GMT" skipped="0">
  <testcase classname="com.experitest.auto1.searchmobile" name="login" time="72.591"/>
  <testcase classname="com.experitest.auto1.searchmobile" name="URLB2C" time="23.476"/>
  <testcase classname="com.experitest.auto1.searchmobile" name="Searchmobile" time="25.737"/>
  <testcase classname="com.experitest.auto1.searchmobile" name="addvehiclemobile" time="63.876"/>
</testsuite> <!-- com.experitest.auto1.searchmobile -->
