<?xml version="1.0" encoding="UTF-8"?>
<!-- Generated by org.testng.reporters.JUnitReportReporter -->
<testsuite ignored="0" hostname="W7BLRGJMFT13" failures="0" tests="2" name="mobileb2c.DealsMobile" time="12.146" errors="0" timestamp="22 Apr 2020 10:45:36 GMT" skipped="0">
  <testcase classname="mobileb2c.DealsMobile" name="dealsmobile" time="3.770"/>
  <testcase classname="mobileb2c.DealsMobile" name="login" time="8.376"/>
</testsuite> <!-- mobileb2c.DealsMobile -->
