<?xml version="1.0" encoding="UTF-8"?>
<!-- Generated by org.testng.reporters.JUnitReportReporter -->
<testsuite hostname="W7BLRGJMFT13" failures="0" tests="2" name="Ingectic.Addtocart" time="36.094" errors="0" timestamp="2020-04-13T12:37:18 IST" skipped="0">
  <testcase classname="Ingectic.Addtocart" name="login" time="9.857"/>
  <system-out/>
  <testcase classname="Ingectic.Addtocart" name="addtocart" time="26.237"/>
  <system-out/>
</testsuite> <!-- Ingectic.Addtocart -->
