<?xml version="1.0" encoding="UTF-8"?>
<!-- Generated by org.testng.reporters.JUnitReportReporter -->
<testsuite ignored="0" hostname="W7BLRGJMFT13" failures="0" tests="2" name="com.experitest.auto.loginmobile" time="39.843" errors="0" timestamp="24 Apr 2020 08:11:03 GMT" skipped="0">
  <testcase classname="com.experitest.auto.loginmobile" name="login" time="23.318"/>
  <testcase classname="com.experitest.auto.loginmobile" name="URLB2C" time="16.525"/>
</testsuite> <!-- com.experitest.auto.loginmobile -->
