<?xml version="1.0" encoding="UTF-8"?>
<!-- Generated by org.testng.reporters.JUnitReportReporter -->
<testsuite ignored="0" hostname="W7BLRGJMFT13" failures="0" tests="3" name="com.experitest.auto1.Orderhistorymobile" time="117.430" errors="0" timestamp="28 Apr 2020 14:14:03 GMT" skipped="0">
  <testcase classname="com.experitest.auto1.Orderhistorymobile" name="orderhistorymobile" time="20.261"/>
  <testcase classname="com.experitest.auto1.Orderhistorymobile" name="URLB2C" time="23.573"/>
  <testcase classname="com.experitest.auto1.Orderhistorymobile" name="login" time="73.596"/>
</testsuite> <!-- com.experitest.auto1.Orderhistorymobile -->
