<?xml version="1.0" encoding="UTF-8"?>
<!-- Generated by org.testng.reporters.JUnitReportReporter -->
<testsuite hostname="W7BLRGJMFT13" failures="0" tests="1" name="Ingectic.loginb2c" time="9.837" errors="0" timestamp="2020-04-13T11:57:43 IST" skipped="0">
  <testcase classname="Ingectic.loginb2c" name="login" time="9.837"/>
  <system-out/>
</testsuite> <!-- Ingectic.loginb2c -->
