<?xml version="1.0" encoding="UTF-8"?>
<!-- Generated by org.testng.reporters.JUnitReportReporter -->
<testsuite ignored="0" hostname="W7BLRGJMFT13" failures="0" tests="1" name="Ingectic.loginb2c" time="10.919" errors="0" timestamp="22 Apr 2020 10:31:00 GMT" skipped="0">
  <testcase classname="Ingectic.loginb2c" name="login" time="10.919"/>
</testsuite> <!-- Ingectic.loginb2c -->
