<?xml version="1.0" encoding="UTF-8"?>
<!-- Generated by org.testng.reporters.JUnitReportReporter -->
<testsuite ignored="0" hostname="W7BLRGJMFT13" failures="0" tests="3" name="com.experitest.auto.Orderhistorymobile" time="46.817" errors="0" timestamp="27 Apr 2020 06:20:19 GMT" skipped="0">
  <testcase classname="com.experitest.auto.Orderhistorymobile" name="URLB2C" time="17.771"/>
  <testcase classname="com.experitest.auto.Orderhistorymobile" name="orderhistorymobile" time="6.295"/>
  <testcase classname="com.experitest.auto.Orderhistorymobile" name="login" time="22.751"/>
</testsuite> <!-- com.experitest.auto.Orderhistorymobile -->
