<?xml version="1.0" encoding="UTF-8"?>
<!-- Generated by org.testng.reporters.JUnitReportReporter -->
<testsuite hostname="W7BLRGJMFT13" failures="0" tests="2" name="Ingectic.Addtocart" time="42.234" errors="0" timestamp="2020-04-06T13:17:29 IST" skipped="0">
  <testcase classname="Ingectic.Addtocart" name="login" time="9.799"/>
  <system-out/>
  <testcase classname="Ingectic.Addtocart" name="autoparts" time="32.435"/>
  <system-out/>
</testsuite> <!-- Ingectic.Addtocart -->
