<?xml version="1.0" encoding="UTF-8"?>
<!-- Generated by org.testng.reporters.JUnitReportReporter -->
<testsuite skipped="0" hostname="W7BLRGJMFT13" name="rajeshingectic.URL" tests="1" failures="0" timestamp="2020-04-03T19:21:20 IST" time="6.263" errors="0">
  <testcase name="launchBrowser" time="6.263" classname="rajeshingectic.URL"/>
</testsuite> <!-- rajeshingectic.URL -->
