<?xml version="1.0" encoding="UTF-8"?>
<!-- Generated by org.testng.reporters.JUnitReportReporter -->
<testsuite ignored="0" hostname="W7BLRGJMFT13" failures="0" tests="2" name="mobileb2c.Orderhistorymobile" time="10.273" errors="0" timestamp="22 Apr 2020 10:45:36 GMT" skipped="0">
  <testcase classname="mobileb2c.Orderhistorymobile" name="orderhistorymobile" time="2.065"/>
  <testcase classname="mobileb2c.Orderhistorymobile" name="login" time="8.208"/>
</testsuite> <!-- mobileb2c.Orderhistorymobile -->
