<?xml version="1.0" encoding="UTF-8"?>
<!-- Generated by org.testng.reporters.JUnitReportReporter -->
<testsuite hostname="W7BLRGJMFT13" failures="0" tests="1" name="mobileb2c.URLB2Cmobile" time="14.266" errors="0" timestamp="2020-04-13T13:24:40 IST" skipped="0">
  <testcase classname="mobileb2c.URLB2Cmobile" name="launchBrowser" time="14.266"/>
  <system-out/>
</testsuite> <!-- mobileb2c.URLB2Cmobile -->
