<?xml version="1.0" encoding="UTF-8"?>
<!-- Generated by org.testng.reporters.JUnitReportReporter -->
<testsuite ignored="0" hostname="W7BLRGJMFT13" failures="0" tests="2" name="Ingectic.Addvehicle" time="30.061" errors="0" timestamp="22 Apr 2020 10:31:00 GMT" skipped="0">
  <testcase classname="Ingectic.Addvehicle" name="addvehicle" time="20.735"/>
  <testcase classname="Ingectic.Addvehicle" name="login" time="9.326"/>
</testsuite> <!-- Ingectic.Addvehicle -->
