<?xml version="1.0" encoding="UTF-8"?>
<!-- Generated by org.testng.reporters.JUnitReportReporter -->
<testsuite hostname="W7BLRGJMFT13" failures="0" tests="1" name="Ingectic.Repairshop" time="44.961" errors="0" timestamp="2020-04-06T12:29:34 IST" skipped="0">
  <testcase classname="Ingectic.Repairshop" name="repairshop" time="44.961"/>
  <system-out/>
</testsuite> <!-- Ingectic.Repairshop -->
