<?xml version="1.0" encoding="UTF-8"?>
<!-- Generated by org.testng.reporters.JUnitReportReporter -->
<testsuite hostname="W7BLRGJMFT13" failures="0" tests="2" name="Ingectic.Addvehicle" time="51.368" errors="0" timestamp="2020-04-03T22:10:58 IST" skipped="0">
  <testcase classname="Ingectic.Addvehicle" name="login" time="30.288"/>
  <system-out/>
  <testcase classname="Ingectic.Addvehicle" name="addvehicle" time="21.080"/>
  <system-out/>
</testsuite> <!-- Ingectic.Addvehicle -->
