<?xml version="1.0" encoding="UTF-8"?>
<!-- Generated by org.testng.reporters.JUnitReportReporter -->
<testsuite hostname="W7BLRGJMFT13" failures="0" tests="1" name="Ingectic.Deals" time="6.610" errors="0" timestamp="2020-04-13T11:57:43 IST" skipped="0">
  <testcase classname="Ingectic.Deals" name="deals" time="6.610"/>
  <system-out/>
</testsuite> <!-- Ingectic.Deals -->
