<?xml version="1.0" encoding="UTF-8"?>
<!-- Generated by org.testng.reporters.JUnitReportReporter -->
<testsuite hostname="W7BLRGJMFT13" failures="0" tests="1" name="Ingectic.Deals" time="7.072" errors="0" timestamp="2020-04-08T22:06:19 IST" skipped="0">
  <testcase classname="Ingectic.Deals" name="deals" time="7.072"/>
  <system-out/>
</testsuite> <!-- Ingectic.Deals -->
