<?xml version="1.0" encoding="UTF-8"?>
<!-- Generated by org.testng.reporters.JUnitReportReporter -->
<testsuite hostname="W7BLRGJMFT13" failures="0" tests="1" name="mobileb2c.URLB2C" time="12.128" errors="0" timestamp="2020-04-11T15:27:59 IST" skipped="0">
  <testcase classname="mobileb2c.URLB2C" name="launchBrowser" time="12.128"/>
  <system-out/>
</testsuite> <!-- mobileb2c.URLB2C -->
