<?xml version="1.0" encoding="UTF-8"?>
<!-- Generated by org.testng.reporters.JUnitReportReporter -->
<testsuite ignored="0" hostname="W7BLRGJMFT13" failures="0" tests="1" name="Ingectic.Repairshop" time="46.539" errors="0" timestamp="22 Apr 2020 10:31:00 GMT" skipped="0">
  <testcase classname="Ingectic.Repairshop" name="repairshop" time="46.539"/>
</testsuite> <!-- Ingectic.Repairshop -->
