<?xml version="1.0" encoding="UTF-8"?>
<!-- Generated by org.testng.reporters.JUnitReportReporter -->
<testsuite ignored="0" hostname="W7BLRGJMFT13" failures="0" tests="3" name="com.experitest.auto1.Removemobile" time="204.134" errors="0" timestamp="28 Apr 2020 15:01:58 GMT" skipped="0">
  <testcase classname="com.experitest.auto1.Removemobile" name="removemobile" time="110.801"/>
  <testcase classname="com.experitest.auto1.Removemobile" name="URLB2C" time="23.566"/>
  <testcase classname="com.experitest.auto1.Removemobile" name="login" time="69.767"/>
</testsuite> <!-- com.experitest.auto1.Removemobile -->
