<?xml version="1.0" encoding="UTF-8"?>
<!-- Generated by org.testng.reporters.JUnitReportReporter -->
<testsuite ignored="0" hostname="W7BLRGJMFT13" failures="0" tests="3" name="Ingectic.search" time="52.293" errors="0" timestamp="22 Apr 2020 10:31:00 GMT" skipped="0">
  <testcase classname="Ingectic.search" name="Search" time="21.839"/>
  <testcase classname="Ingectic.search" name="login" time="9.307"/>
  <testcase classname="Ingectic.search" name="addvehicle" time="21.147"/>
</testsuite> <!-- Ingectic.search -->
