<?xml version="1.0" encoding="UTF-8"?>
<!-- Generated by org.testng.reporters.JUnitReportReporter -->
<testsuite hostname="W7BLRGJMFT13" failures="0" tests="11" name="Ingectic.Topnavmouseover" time="106.714" errors="0" timestamp="2020-04-09T12:50:23 IST" skipped="0">
  <testcase classname="Ingectic.Topnavmouseover" name="login" time="17.163"/>
  <system-out/>
  <testcase classname="Ingectic.Topnavmouseover" name="autoparts" time="16.052"/>
  <system-out/>
  <testcase classname="Ingectic.Topnavmouseover" name="InteriorAccessories" time="8.159"/>
  <system-out/>
  <testcase classname="Ingectic.Topnavmouseover" name="ExteriorAccessories" time="8.158"/>
  <system-out/>
  <testcase classname="Ingectic.Topnavmouseover" name="TruckTowing" time="8.133"/>
  <system-out/>
  <testcase classname="Ingectic.Topnavmouseover" name="ToolsEquipments" time="8.175"/>
  <system-out/>
  <testcase classname="Ingectic.Topnavmouseover" name="Fluidschemicals" time="8.179"/>
  <system-out/>
  <testcase classname="Ingectic.Topnavmouseover" name="PerformanceProducts" time="8.177"/>
  <system-out/>
  <testcase classname="Ingectic.Topnavmouseover" name="RepairHelp" time="8.169"/>
  <system-out/>
  <testcase classname="Ingectic.Topnavmouseover" name="NewItems" time="8.177"/>
  <system-out/>
  <testcase classname="Ingectic.Topnavmouseover" name="Hotdeals" time="8.172"/>
  <system-out/>
</testsuite> <!-- Ingectic.Topnavmouseover -->
