<?xml version="1.0" encoding="UTF-8"?>
<!-- Generated by org.testng.reporters.JUnitReportReporter -->
<testsuite ignored="0" hostname="W7BLRGJMFT13" failures="0" tests="11" name="Ingectic.Topnavmouseover" time="42.917" errors="0" timestamp="22 Apr 2020 10:31:00 GMT" skipped="0">
  <testcase classname="Ingectic.Topnavmouseover" name="InteriorAccessories" time="3.150"/>
  <testcase classname="Ingectic.Topnavmouseover" name="Fluidschemicals" time="3.152"/>
  <testcase classname="Ingectic.Topnavmouseover" name="login" time="9.608"/>
  <testcase classname="Ingectic.Topnavmouseover" name="autoparts" time="4.949"/>
  <testcase classname="Ingectic.Topnavmouseover" name="ToolsEquipments" time="3.151"/>
  <testcase classname="Ingectic.Topnavmouseover" name="RepairHelp" time="3.130"/>
  <testcase classname="Ingectic.Topnavmouseover" name="TruckTowing" time="3.144"/>
  <testcase classname="Ingectic.Topnavmouseover" name="NewItems" time="3.160"/>
  <testcase classname="Ingectic.Topnavmouseover" name="PerformanceProducts" time="3.152"/>
  <testcase classname="Ingectic.Topnavmouseover" name="Hotdeals" time="3.156"/>
  <testcase classname="Ingectic.Topnavmouseover" name="ExteriorAccessories" time="3.165"/>
</testsuite> <!-- Ingectic.Topnavmouseover -->
