<?xml version="1.0" encoding="UTF-8"?>
<!-- Generated by org.testng.reporters.JUnitReportReporter -->
<testsuite ignored="0" hostname="W7BLRGJMFT13" failures="0" tests="3" name="com.experitest.auto1.DealsMobile" time="114.285" errors="0" timestamp="27 Apr 2020 19:11:23 GMT" skipped="0">
  <testcase classname="com.experitest.auto1.DealsMobile" name="dealsmobile" time="18.454"/>
  <testcase classname="com.experitest.auto1.DealsMobile" name="URLB2C" time="24.120"/>
  <testcase classname="com.experitest.auto1.DealsMobile" name="login" time="71.711"/>
</testsuite> <!-- com.experitest.auto1.DealsMobile -->
