<?xml version="1.0" encoding="UTF-8"?>
<!-- Generated by org.testng.reporters.JUnitReportReporter -->
<testsuite ignored="0" hostname="W7BLRGJMFT13" failures="0" tests="1" name="mobileb2c.Productdetailsmobile" time="15.452" errors="0" timestamp="22 Apr 2020 10:45:36 GMT" skipped="0">
  <testcase classname="mobileb2c.Productdetailsmobile" name="productdetailsmobile" time="15.452"/>
</testsuite> <!-- mobileb2c.Productdetailsmobile -->
