<?xml version="1.0" encoding="UTF-8"?>
<!-- Generated by org.testng.reporters.JUnitReportReporter -->
<testsuite hostname="W7BLRGJMFT13" failures="0" tests="3" name="mobileb2c.Rewardsboxmobile" time="39.932" errors="0" timestamp="2020-04-13T10:06:35 IST" skipped="0">
  <testcase classname="mobileb2c.Rewardsboxmobile" name="launchBrowser" time="12.708"/>
  <system-out/>
  <testcase classname="mobileb2c.Rewardsboxmobile" name="login" time="9.400"/>
  <system-out/>
  <testcase classname="mobileb2c.Rewardsboxmobile" name="productdetailsmobile" time="17.824"/>
  <system-out/>
</testsuite> <!-- mobileb2c.Rewardsboxmobile -->
