<?xml version="1.0" encoding="UTF-8"?>
<!-- Generated by org.testng.reporters.JUnitReportReporter -->
<testsuite ignored="0" hostname="W7BLRGJMFT13" failures="0" tests="3" name="com.experitest.auto.Addtocartmobile" time="93.144" errors="0" timestamp="27 Apr 2020 07:14:09 GMT" skipped="0">
  <testcase classname="com.experitest.auto.Addtocartmobile" name="login" time="22.161"/>
  <testcase classname="com.experitest.auto.Addtocartmobile" name="addtocartmobile" time="52.035"/>
  <testcase classname="com.experitest.auto.Addtocartmobile" name="URLB2C" time="18.948"/>
</testsuite> <!-- com.experitest.auto.Addtocartmobile -->
