<?xml version="1.0" encoding="UTF-8"?>
<!-- Generated by org.testng.reporters.JUnitReportReporter -->
<testsuite ignored="0" hostname="W7BLRGJMFT13" failures="0" tests="2" name="com.experitest.auto1.Productdetailsmobile" time="92.191" errors="0" timestamp="28 Apr 2020 15:07:13 GMT" skipped="0">
  <testcase classname="com.experitest.auto1.Productdetailsmobile" name="URLB2C" time="23.293"/>
  <testcase classname="com.experitest.auto1.Productdetailsmobile" name="productdetailsmobile" time="68.898"/>
</testsuite> <!-- com.experitest.auto1.Productdetailsmobile -->
