<?xml version="1.0" encoding="UTF-8"?>
<!-- Generated by org.testng.reporters.JUnitReportReporter -->
<testsuite ignored="0" hostname="W7BLRGJMFT13" failures="0" tests="2" name="Ingectic.Addtocart" time="36.975" errors="0" timestamp="22 Apr 2020 10:31:00 GMT" skipped="0">
  <testcase classname="Ingectic.Addtocart" name="addtocart" time="27.359"/>
  <testcase classname="Ingectic.Addtocart" name="login" time="9.616"/>
</testsuite> <!-- Ingectic.Addtocart -->
