<?xml version="1.0" encoding="UTF-8"?>
<!-- Generated by org.testng.reporters.JUnitReportReporter -->
<testsuite hostname="W7BLRGJMFT13" failures="0" tests="2" name="mobileb2c.Productdetailsmobile" time="29.853" errors="0" timestamp="2020-04-13T13:24:40 IST" skipped="0">
  <testcase classname="mobileb2c.Productdetailsmobile" name="launchBrowser" time="11.482"/>
  <system-out/>
  <testcase classname="mobileb2c.Productdetailsmobile" name="productdetailsmobile" time="18.371"/>
  <system-out/>
</testsuite> <!-- mobileb2c.Productdetailsmobile -->
