<?xml version="1.0" encoding="UTF-8"?>
<!-- Generated by org.testng.reporters.JUnitReportReporter -->
<testsuite hostname="W7BLRGJMFT13" failures="0" tests="3" name="mobileb2c.Addvehiclemobile" time="43.515" errors="0" timestamp="2020-04-13T13:24:40 IST" skipped="0">
  <testcase classname="mobileb2c.Addvehiclemobile" name="launchBrowser" time="11.643"/>
  <system-out/>
  <testcase classname="mobileb2c.Addvehiclemobile" name="login" time="8.825"/>
  <system-out/>
  <testcase classname="mobileb2c.Addvehiclemobile" name="addvehiclemobile" time="23.047"/>
  <system-out/>
</testsuite> <!-- mobileb2c.Addvehiclemobile -->
