<?xml version="1.0" encoding="UTF-8"?>
<!-- Generated by org.testng.reporters.JUnitReportReporter -->
<testsuite ignored="0" hostname="W7BLRGJMFT13" failures="0" tests="3" name="com.experitest.auto1.Addtocartmobile" time="188.665" errors="0" timestamp="28 Apr 2020 14:52:32 GMT" skipped="0">
  <testcase classname="com.experitest.auto1.Addtocartmobile" name="addtocartmobile" time="92.225"/>
  <testcase classname="com.experitest.auto1.Addtocartmobile" name="URLB2C" time="23.561"/>
  <testcase classname="com.experitest.auto1.Addtocartmobile" name="login" time="72.879"/>
</testsuite> <!-- com.experitest.auto1.Addtocartmobile -->
