<?xml version="1.0" encoding="UTF-8"?>
<!-- Generated by org.testng.reporters.JUnitReportReporter -->
<testsuite ignored="0" hostname="W7BLRGJMFT13" failures="0" tests="3" name="com.experitest.auto.Couponcodemobile" time="94.835" errors="0" timestamp="27 Apr 2020 05:54:36 GMT" skipped="0">
  <testcase classname="com.experitest.auto.Couponcodemobile" name="login" time="24.778"/>
  <testcase classname="com.experitest.auto.Couponcodemobile" name="couponcodemobile" time="53.853"/>
  <testcase classname="com.experitest.auto.Couponcodemobile" name="URLB2C" time="16.204"/>
</testsuite> <!-- com.experitest.auto.Couponcodemobile -->
