<?xml version="1.0" encoding="UTF-8"?>
<!-- Generated by org.testng.reporters.JUnitReportReporter -->
<testsuite hostname="W7BLRGJMFT13" failures="0" tests="2" name="Ingectic.Rewardsbox" time="32.610" errors="0" timestamp="2020-04-08T12:56:13 IST" skipped="0">
  <testcase classname="Ingectic.Rewardsbox" name="login" time="10.402"/>
  <system-out/>
  <testcase classname="Ingectic.Rewardsbox" name="autoparts" time="22.208"/>
  <system-out/>
</testsuite> <!-- Ingectic.Rewardsbox -->
