<?xml version="1.0" encoding="UTF-8"?>
<!-- Generated by org.testng.reporters.JUnitReportReporter -->
<testsuite ignored="0" hostname="W7BLRGJMFT13" failures="0" tests="3" name="com.experitest.auto.DealsMobile" time="52.508" errors="0" timestamp="24 Apr 2020 08:18:05 GMT" skipped="0">
  <testcase classname="com.experitest.auto.DealsMobile" name="login" time="24.981"/>
  <testcase classname="com.experitest.auto.DealsMobile" name="URLB2C" time="18.148"/>
  <testcase classname="com.experitest.auto.DealsMobile" name="dealsmobile" time="9.379"/>
</testsuite> <!-- com.experitest.auto.DealsMobile -->
