<?xml version="1.0" encoding="UTF-8"?>
<!-- Generated by org.testng.reporters.JUnitReportReporter -->
<testsuite ignored="0" hostname="W7BLRGJMFT13" failures="0" tests="1" name="Ingectic.loginb2c" time="10.991" errors="0" timestamp="11 May 2020 06:40:31 GMT" skipped="0">
  <testcase classname="Ingectic.loginb2c" name="login" time="10.991"/>
</testsuite> <!-- Ingectic.loginb2c -->
